Release 14.4 - xst P.49d (nt64)
Copyright (c) 1995-2012 Xilinx, Inc.  All rights reserved.
--> Parameter TMPDIR set to xst/projnav.tmp


Total REAL time to Xst completion: 1.00 secs
Total CPU time to Xst completion: 0.10 secs
 
--> Parameter xsthdpdir set to xst


Total REAL time to Xst completion: 1.00 secs
Total CPU time to Xst completion: 0.10 secs
 
--> Reading design: inputModule.prj

TABLE OF CONTENTS
  1) Synthesis Options Summary
  2) HDL Compilation
  3) Design Hierarchy Analysis
  4) HDL Analysis
  5) HDL Synthesis
     5.1) HDL Synthesis Report
  6) Advanced HDL Synthesis
     6.1) Advanced HDL Synthesis Report
  7) Low Level Synthesis
  8) Partition Report
  9) Final Report

=========================================================================
*                      Synthesis Options Summary                        *
=========================================================================
---- Source Parameters
Input File Name                    : "inputModule.prj"
Input Format                       : mixed
Ignore Synthesis Constraint File   : NO

---- Target Parameters
Output File Name                   : "inputModule"
Output Format                      : NGC
Target Device                      : XC9500XL CPLDs

---- Source Options
Top Module Name                    : inputModule
Automatic FSM Extraction           : YES
FSM Encoding Algorithm             : Auto
Safe Implementation                : No
Mux Extraction                     : Yes
Resource Sharing                   : YES

---- Target Options
Add IO Buffers                     : YES
MACRO Preserve                     : YES
XOR Preserve                       : YES
Equivalent register Removal        : YES

---- General Options
Optimization Goal                  : Speed
Optimization Effort                : 1
Keep Hierarchy                     : Yes
Netlist Hierarchy                  : As_Optimized
RTL Output                         : Yes
Hierarchy Separator                : /
Bus Delimiter                      : <>
Case Specifier                     : Maintain
Verilog 2001                       : YES

---- Other Options
Clock Enable                       : YES
wysiwyg                            : NO

=========================================================================


=========================================================================
*                          HDL Compilation                              *
=========================================================================
Compiling vhdl file "C:/team1/dpinputModule/inputModule.vhd" in Library work.
Entity <inputmodule> compiled.
Entity <inputmodule> (Architecture <behavioral>) compiled.

=========================================================================
*                     Design Hierarchy Analysis                         *
=========================================================================
Analyzing hierarchy for entity <inputModule> in library <work> (architecture <behavioral>).


=========================================================================
*                            HDL Analysis                               *
=========================================================================
Analyzing Entity <inputModule> in library <work> (Architecture <behavioral>).
Entity <inputModule> analyzed. Unit <inputModule> generated.


=========================================================================
*                           HDL Synthesis                               *
=========================================================================

Performing bidirectional port resolution...

Synthesizing Unit <inputModule>.
    Related source file is "C:/team1/dpinputModule/inputModule.vhd".
    Found 3-bit register for signal <newinput>.
    Found 1-bit register for signal <bttnevent>.
    Found 8-bit register for signal <keyprev>.
Unit <inputModule> synthesized.


=========================================================================
HDL Synthesis Report

Macro Statistics
# Registers                                            : 3
 1-bit register                                        : 1
 3-bit register                                        : 1
 8-bit register                                        : 1

=========================================================================

=========================================================================
*                       Advanced HDL Synthesis                          *
=========================================================================


=========================================================================
Advanced HDL Synthesis Report

Found no macro
=========================================================================

=========================================================================
*                         Low Level Synthesis                           *
=========================================================================

Optimizing unit <inputModule> ...
  implementation constraint: INIT=r	 : newinput_0
  implementation constraint: INIT=r	 : keyprev_7
  implementation constraint: INIT=r	 : newinput_1
  implementation constraint: INIT=r	 : bttnevent
  implementation constraint: INIT=r	 : keyprev_0
  implementation constraint: INIT=r	 : keyprev_1
  implementation constraint: INIT=r	 : keyprev_2
  implementation constraint: INIT=r	 : keyprev_3
  implementation constraint: INIT=r	 : keyprev_4
  implementation constraint: INIT=r	 : keyprev_5
  implementation constraint: INIT=r	 : keyprev_6
  implementation constraint: INIT=r	 : newinput_2

=========================================================================
*                           Partition Report                            *
=========================================================================

Partition Implementation Status
-------------------------------

  No Partitions were found in this design.

-------------------------------

=========================================================================
*                            Final Report                               *
=========================================================================
Final Results
RTL Top Level Output File Name     : inputModule.ngr
Top Level Output File Name         : inputModule
Output Format                      : NGC
Optimization Goal                  : Speed
Keep Hierarchy                     : Yes
Target Technology                  : XC9500XL CPLDs
Macro Preserve                     : YES
XOR Preserve                       : YES
Clock Enable                       : YES
wysiwyg                            : NO

Design Statistics
# IOs                              : 13

Cell Usage :
# BELS                             : 73
#      AND2                        : 23
#      AND3                        : 1
#      GND                         : 1
#      INV                         : 28
#      OR2                         : 15
#      OR3                         : 4
#      OR4                         : 1
# FlipFlops/Latches                : 12
#      FD                          : 9
#      FDCE                        : 3
# IO Buffers                       : 13
#      IBUF                        : 9
#      OBUF                        : 4
=========================================================================


Total REAL time to Xst completion: 5.00 secs
Total CPU time to Xst completion: 4.34 secs
 
--> 

Total memory usage is 246104 kilobytes

Number of errors   :    0 (   0 filtered)
Number of warnings :    0 (   0 filtered)
Number of infos    :    0 (   0 filtered)

