Release 14.4 - xst P.49d (nt64)
Copyright (c) 1995-2012 Xilinx, Inc.  All rights reserved.
--> Parameter TMPDIR set to xst/projnav.tmp


Total REAL time to Xst completion: 0.00 secs
Total CPU time to Xst completion: 0.09 secs
 
--> Parameter xsthdpdir set to xst


Total REAL time to Xst completion: 0.00 secs
Total CPU time to Xst completion: 0.09 secs
 
--> Reading design: displayModule.prj

TABLE OF CONTENTS
  1) Synthesis Options Summary
  2) HDL Compilation
  3) Design Hierarchy Analysis
  4) HDL Analysis
  5) HDL Synthesis
     5.1) HDL Synthesis Report
  6) Advanced HDL Synthesis
     6.1) Advanced HDL Synthesis Report
  7) Low Level Synthesis
  8) Partition Report
  9) Final Report

=========================================================================
*                      Synthesis Options Summary                        *
=========================================================================
---- Source Parameters
Input File Name                    : "displayModule.prj"
Input Format                       : mixed
Ignore Synthesis Constraint File   : NO

---- Target Parameters
Output File Name                   : "displayModule"
Output Format                      : NGC
Target Device                      : XC9500XL CPLDs

---- Source Options
Top Module Name                    : displayModule
Automatic FSM Extraction           : YES
FSM Encoding Algorithm             : Auto
Safe Implementation                : No
Mux Extraction                     : Yes
Resource Sharing                   : YES

---- Target Options
Add IO Buffers                     : YES
MACRO Preserve                     : YES
XOR Preserve                       : YES
Equivalent register Removal        : YES

---- General Options
Optimization Goal                  : Speed
Optimization Effort                : 1
Keep Hierarchy                     : Yes
Netlist Hierarchy                  : As_Optimized
RTL Output                         : Yes
Hierarchy Separator                : /
Bus Delimiter                      : <>
Case Specifier                     : Maintain
Verilog 2001                       : YES

---- Other Options
Clock Enable                       : YES
wysiwyg                            : NO

=========================================================================


=========================================================================
*                          HDL Compilation                              *
=========================================================================
Compiling vhdl file "C:/team1/displayModule/vectorRegister.vhd" in Library work.
Architecture behavioral of Entity vectorregister is up to date.
Compiling vhdl file "C:/team1/displayModule/decoder.vhd" in Library work.
Architecture behavioral of Entity decoder is up to date.
Compiling vhdl file "C:/team1/displayModule/displayModule.vhd" in Library work.
Architecture behavioral of Entity displaymodule is up to date.

=========================================================================
*                     Design Hierarchy Analysis                         *
=========================================================================
Analyzing hierarchy for entity <displayModule> in library <work> (architecture <behavioral>).

Analyzing hierarchy for entity <vectorRegister> in library <work> (architecture <behavioral>).

Analyzing hierarchy for entity <decoder> in library <work> (architecture <behavioral>).


=========================================================================
*                            HDL Analysis                               *
=========================================================================
Analyzing Entity <displayModule> in library <work> (Architecture <behavioral>).
Entity <displayModule> analyzed. Unit <displayModule> generated.

Analyzing Entity <vectorRegister> in library <work> (Architecture <behavioral>).
Entity <vectorRegister> analyzed. Unit <vectorRegister> generated.

Analyzing Entity <decoder> in library <work> (Architecture <behavioral>).
Entity <decoder> analyzed. Unit <decoder> generated.


=========================================================================
*                           HDL Synthesis                               *
=========================================================================

Performing bidirectional port resolution...

Synthesizing Unit <vectorRegister>.
    Related source file is "C:/team1/displayModule/vectorRegister.vhd".
    Found 4-bit register for signal <Digit>.
    Found 3-bit register for signal <Output>.
    Found 1-of-4 decoder for signal <Digit$mux0000>.
    Found 2-bit up counter for signal <n>.
    Found 3-bit 4-to-1 multiplexer for signal <Output$mux0000> created at line 62.
    Found 12-bit register for signal <temp>.
    Summary:
	inferred   1 Counter(s).
	inferred   1 Decoder(s).
Unit <vectorRegister> synthesized.


Synthesizing Unit <decoder>.
    Related source file is "C:/team1/displayModule/decoder.vhd".
    Found 8x7-bit ROM for signal <dpoutput>.
    Summary:
	inferred   1 ROM(s).
Unit <decoder> synthesized.


Synthesizing Unit <displayModule>.
    Related source file is "C:/team1/displayModule/displayModule.vhd".
Unit <displayModule> synthesized.


=========================================================================
HDL Synthesis Report

Macro Statistics
# ROMs                                                 : 1
 8x7-bit ROM                                           : 1
# Counters                                             : 1
 2-bit up counter                                      : 1
# Registers                                            : 6
 3-bit register                                        : 5
 4-bit register                                        : 1
# Multiplexers                                         : 1
 3-bit 4-to-1 multiplexer                              : 1
# Decoders                                             : 1
 1-of-4 decoder                                        : 1

=========================================================================

=========================================================================
*                       Advanced HDL Synthesis                          *
=========================================================================


=========================================================================
Advanced HDL Synthesis Report

Macro Statistics
# ROMs                                                 : 1
 8x7-bit ROM                                           : 1
# Counters                                             : 1
 2-bit up counter                                      : 1
# Multiplexers                                         : 1
 3-bit 4-to-1 multiplexer                              : 1
# Decoders                                             : 1
 1-of-4 decoder                                        : 1

=========================================================================

=========================================================================
*                         Low Level Synthesis                           *
=========================================================================

Optimizing unit <displayModule> ...

Optimizing unit <decoder> ...

Optimizing unit <vectorRegister> ...
  implementation constraint: INIT=r	 : n_0
  implementation constraint: INIT=r	 : n_1

=========================================================================
*                           Partition Report                            *
=========================================================================

Partition Implementation Status
-------------------------------

  No Partitions were found in this design.

-------------------------------

=========================================================================
*                            Final Report                               *
=========================================================================
Final Results
RTL Top Level Output File Name     : displayModule.ngr
Top Level Output File Name         : displayModule
Output Format                      : NGC
Optimization Goal                  : Speed
Keep Hierarchy                     : Yes
Target Technology                  : XC9500XL CPLDs
Macro Preserve                     : YES
XOR Preserve                       : YES
Clock Enable                       : YES
wysiwyg                            : NO

Design Statistics
# IOs                              : 17

Cell Usage :
# BELS                             : 113
#      AND2                        : 41
#      GND                         : 1
#      INV                         : 43
#      OR2                         : 26
#      OR3                         : 1
#      XOR2                        : 1
# FlipFlops/Latches                : 21
#      FD                          : 9
#      FDCE                        : 12
# IO Buffers                       : 17
#      IBUF                        : 6
#      OBUF                        : 11
=========================================================================


Total REAL time to Xst completion: 4.00 secs
Total CPU time to Xst completion: 4.36 secs
 
--> 

Total memory usage is 246040 kilobytes

Number of errors   :    0 (   0 filtered)
Number of warnings :    0 (   0 filtered)
Number of infos    :    0 (   0 filtered)

