Release 14.4 - xst P.49d (nt64)
Copyright (c) 1995-2012 Xilinx, Inc.  All rights reserved.
--> Parameter TMPDIR set to xst/projnav.tmp


Total REAL time to Xst completion: 1.00 secs
Total CPU time to Xst completion: 0.09 secs
 
--> Parameter xsthdpdir set to xst


Total REAL time to Xst completion: 1.00 secs
Total CPU time to Xst completion: 0.09 secs
 
--> Reading design: piano.prj

TABLE OF CONTENTS
  1) Synthesis Options Summary
  2) HDL Compilation
  3) Design Hierarchy Analysis
  4) HDL Analysis
  5) HDL Synthesis
     5.1) HDL Synthesis Report
  6) Advanced HDL Synthesis
     6.1) Advanced HDL Synthesis Report
  7) Low Level Synthesis
  8) Partition Report
  9) Final Report

=========================================================================
*                      Synthesis Options Summary                        *
=========================================================================
---- Source Parameters
Input File Name                    : "piano.prj"
Input Format                       : mixed
Ignore Synthesis Constraint File   : NO

---- Target Parameters
Output File Name                   : "piano"
Output Format                      : NGC
Target Device                      : XC9500XL CPLDs

---- Source Options
Top Module Name                    : piano
Automatic FSM Extraction           : YES
FSM Encoding Algorithm             : Auto
Safe Implementation                : No
Mux Extraction                     : Yes
Resource Sharing                   : YES

---- Target Options
Add IO Buffers                     : YES
MACRO Preserve                     : YES
XOR Preserve                       : YES
Equivalent register Removal        : YES

---- General Options
Optimization Goal                  : Speed
Optimization Effort                : 1
Keep Hierarchy                     : Yes
Netlist Hierarchy                  : As_Optimized
RTL Output                         : Yes
Hierarchy Separator                : /
Bus Delimiter                      : <>
Case Specifier                     : Maintain
Verilog 2001                       : YES

---- Other Options
Clock Enable                       : YES
wysiwyg                            : NO

=========================================================================


=========================================================================
*                          HDL Compilation                              *
=========================================================================
Compiling vhdl file "C:/team1/piano1/CLKDivider.vhd" in Library work.
Architecture behavioral of Entity clkdivider is up to date.
Compiling vhdl file "C:/team1/piano1/piano.vhd" in Library work.
Architecture behavioral of Entity piano is up to date.

=========================================================================
*                     Design Hierarchy Analysis                         *
=========================================================================
Analyzing hierarchy for entity <piano> in library <work> (architecture <behavioral>).

Analyzing hierarchy for entity <CLKDivider> in library <work> (architecture <behavioral>) with generics.
	denominator = 84

Analyzing hierarchy for entity <CLKDivider> in library <work> (architecture <behavioral>) with generics.
	denominator = 74

Analyzing hierarchy for entity <CLKDivider> in library <work> (architecture <behavioral>) with generics.
	denominator = 66

Analyzing hierarchy for entity <CLKDivider> in library <work> (architecture <behavioral>) with generics.
	denominator = 62


=========================================================================
*                            HDL Analysis                               *
=========================================================================
Analyzing Entity <piano> in library <work> (Architecture <behavioral>).
Entity <piano> analyzed. Unit <piano> generated.

Analyzing generic Entity <CLKDivider.1> in library <work> (Architecture <behavioral>).
	denominator = 84
Entity <CLKDivider.1> analyzed. Unit <CLKDivider.1> generated.

Analyzing generic Entity <CLKDivider.2> in library <work> (Architecture <behavioral>).
	denominator = 74
Entity <CLKDivider.2> analyzed. Unit <CLKDivider.2> generated.

Analyzing generic Entity <CLKDivider.3> in library <work> (Architecture <behavioral>).
	denominator = 66
Entity <CLKDivider.3> analyzed. Unit <CLKDivider.3> generated.

Analyzing generic Entity <CLKDivider.4> in library <work> (Architecture <behavioral>).
	denominator = 62
Entity <CLKDivider.4> analyzed. Unit <CLKDivider.4> generated.


=========================================================================
*                           HDL Synthesis                               *
=========================================================================

Performing bidirectional port resolution...

Synthesizing Unit <CLKDivider_1>.
    Related source file is "C:/team1/piano1/CLKDivider.vhd".
WARNING:Xst:647 - Input <dvvolume> is never used. This port will be preserved and left unconnected if it belongs to a top-level block or it belongs to a sub-block and the hierarchy of this sub-block is preserved.
    Found 7-bit up counter for signal <counter>.
    Found 1-bit register for signal <temp>.
    Summary:
	inferred   1 Counter(s).
	inferred   1 D-type flip-flop(s).
Unit <CLKDivider_1> synthesized.


Synthesizing Unit <CLKDivider_2>.
    Related source file is "C:/team1/piano1/CLKDivider.vhd".
WARNING:Xst:647 - Input <dvvolume> is never used. This port will be preserved and left unconnected if it belongs to a top-level block or it belongs to a sub-block and the hierarchy of this sub-block is preserved.
    Found 7-bit up counter for signal <counter>.
    Found 1-bit register for signal <temp>.
    Summary:
	inferred   1 Counter(s).
	inferred   1 D-type flip-flop(s).
Unit <CLKDivider_2> synthesized.


Synthesizing Unit <CLKDivider_3>.
    Related source file is "C:/team1/piano1/CLKDivider.vhd".
WARNING:Xst:647 - Input <dvvolume> is never used. This port will be preserved and left unconnected if it belongs to a top-level block or it belongs to a sub-block and the hierarchy of this sub-block is preserved.
    Found 7-bit up counter for signal <counter>.
    Found 1-bit register for signal <temp>.
    Summary:
	inferred   1 Counter(s).
	inferred   1 D-type flip-flop(s).
Unit <CLKDivider_3> synthesized.


Synthesizing Unit <CLKDivider_4>.
    Related source file is "C:/team1/piano1/CLKDivider.vhd".
WARNING:Xst:647 - Input <dvvolume> is never used. This port will be preserved and left unconnected if it belongs to a top-level block or it belongs to a sub-block and the hierarchy of this sub-block is preserved.
    Found 7-bit up counter for signal <counter>.
    Found 1-bit register for signal <temp>.
    Summary:
	inferred   1 Counter(s).
	inferred   1 D-type flip-flop(s).
Unit <CLKDivider_4> synthesized.


Synthesizing Unit <piano>.
    Related source file is "C:/team1/piano1/piano.vhd".
Unit <piano> synthesized.


=========================================================================
HDL Synthesis Report

Macro Statistics
# Counters                                             : 4
 7-bit up counter                                      : 4
# Registers                                            : 4
 1-bit register                                        : 4

=========================================================================

=========================================================================
*                       Advanced HDL Synthesis                          *
=========================================================================


=========================================================================
Advanced HDL Synthesis Report

Macro Statistics
# Counters                                             : 4
 7-bit up counter                                      : 4
# Registers                                            : 4
 Flip-Flops                                            : 4

=========================================================================

=========================================================================
*                         Low Level Synthesis                           *
=========================================================================

Optimizing unit <piano> ...

Optimizing unit <CLKDivider_1> ...
  implementation constraint: INIT=r	 : counter_6
  implementation constraint: INIT=r	 : counter_5
  implementation constraint: INIT=r	 : counter_4
  implementation constraint: INIT=r	 : counter_3
  implementation constraint: INIT=r	 : counter_2
  implementation constraint: INIT=r	 : counter_1
  implementation constraint: INIT=r	 : counter_0
  implementation constraint: INIT=r	 : temp

Optimizing unit <CLKDivider_2> ...
  implementation constraint: INIT=r	 : counter_6
  implementation constraint: INIT=r	 : counter_5
  implementation constraint: INIT=r	 : counter_4
  implementation constraint: INIT=r	 : counter_3
  implementation constraint: INIT=r	 : counter_2
  implementation constraint: INIT=r	 : counter_1
  implementation constraint: INIT=r	 : counter_0
  implementation constraint: INIT=r	 : temp

Optimizing unit <CLKDivider_3> ...
  implementation constraint: INIT=r	 : counter_6
  implementation constraint: INIT=r	 : counter_5
  implementation constraint: INIT=r	 : counter_4
  implementation constraint: INIT=r	 : counter_3
  implementation constraint: INIT=r	 : counter_2
  implementation constraint: INIT=r	 : counter_1
  implementation constraint: INIT=r	 : counter_0
  implementation constraint: INIT=r	 : temp

Optimizing unit <CLKDivider_4> ...
  implementation constraint: INIT=r	 : counter_6
  implementation constraint: INIT=r	 : counter_5
  implementation constraint: INIT=r	 : counter_4
  implementation constraint: INIT=r	 : counter_3
  implementation constraint: INIT=r	 : counter_2
  implementation constraint: INIT=r	 : counter_1
  implementation constraint: INIT=r	 : counter_0
  implementation constraint: INIT=r	 : temp

=========================================================================
*                           Partition Report                            *
=========================================================================

Partition Implementation Status
-------------------------------

  No Partitions were found in this design.

-------------------------------

=========================================================================
*                            Final Report                               *
=========================================================================
Final Results
RTL Top Level Output File Name     : piano.ngr
Top Level Output File Name         : piano
Output Format                      : NGC
Optimization Goal                  : Speed
Keep Hierarchy                     : Yes
Target Technology                  : XC9500XL CPLDs
Macro Preserve                     : YES
XOR Preserve                       : YES
Clock Enable                       : YES
wysiwyg                            : NO

Design Statistics
# IOs                              : 17

Cell Usage :
# BELS                             : 200
#      AND2                        : 78
#      AND3                        : 14
#      AND4                        : 2
#      INV                         : 74
#      OR2                         : 8
#      XOR2                        : 24
# FlipFlops/Latches                : 32
#      FDC                         : 28
#      FDCE                        : 4
# IO Buffers                       : 17
#      IBUF                        : 9
#      OBUF                        : 8
=========================================================================


Total REAL time to Xst completion: 5.00 secs
Total CPU time to Xst completion: 4.85 secs
 
--> 

Total memory usage is 250392 kilobytes

Number of errors   :    0 (   0 filtered)
Number of warnings :    4 (   0 filtered)
Number of infos    :    0 (   0 filtered)

